<?xml version="1.0" encoding="UTF-8"?>
<testsuite xmlns:xsi="http://www.w3.org/2001/XMLSchema-instance" xsi:noNamespaceSchemaLocation="https://maven.apache.org/surefire/maven-surefire-plugin/xsd/surefire-test-report-3.0.xsd" version="3.0" name="Stepdefs.TestRunner" time="4.021" tests="1" errors="0" skipped="0" failures="0">
  <properties>
[...]
</properties>
  <testcase name="Validate the Login success scenario using parameters" classname="This feature is used to test the Login functionality of Saucedemo application" time="3.7">
    <system-out><![CDATA[
@Sanity
Scenario: Validate the Login success scenario using parameters # src/test/java/features/login.feature:6
  Given I have launched the application                        # Stepdefs.LoginStepdefs.i_have_launched_the_application()
  When I enter username as "standard_user"                     # Stepdefs.LoginStepdefs.i_enter_username_as(java.lang.String)
  And I enter password as "secret_sauce"                       # Stepdefs.LoginStepdefs.i_enter_password_as(java.lang.String)
  And I click on Login button                                  # Stepdefs.LoginStepdefs.i_click_on_Login_button()
  Then i should land on Home Page                              # Stepdefs.LoginStepdefs.i_should_land_on_Home_Page()
]]></system-out>
    <system-err><![CDATA[Jun 08, 2023 11:15:50 PM io.cucumber.junit.Cucumber <init>
WARNING: By default Cucumber is running in --non-strict mode.
This default will change to --strict and --non-strict will be removed.
You can use --strict or @CucumberOptions(strict = true) to suppress this warning
SLF4J: Failed to load class "org.slf4j.impl.StaticLoggerBinder".
SLF4J: Defaulting to no-operation (NOP) logger implementation
SLF4J: See http://www.slf4j.org/codes.html#StaticLoggerBinder for further details.
Starting ChromeDriver 114.0.5735.90 (386bc09e8f4f2e025eddae123f36f6263096ae49-refs/branch-heads/5735@{#1052}) on port 24845
Only local connections are allowed.
Please see https://chromedriver.chromium.org/security-considerations for suggestions on keeping ChromeDriver safe.
ChromeDriver was started successfully.
Jun 08, 2023 11:15:53 PM org.openqa.selenium.remote.ProtocolHandshake createSession
INFO: Detected dialect: W3C
]]></system-err>
  </testcase>
</testsuite>